diode/build/outputs/logs/manifest-merger-debug-report.txt
-- Merging decision tree log ---
manifest
ADDED from src\main\AndroidManifest.xml:20:1-118:12
	package
		ADDED from src\main\AndroidManifest.xml:21:7-31
		INJECTED from src\main\AndroidManifest.xml
		INJECTED from src\main\AndroidManifest.xml
	android:versionName
		ADDED from src\main\AndroidManifest.xml:24:7-34
		INJECTED from src\main\AndroidManifest.xml
		INJECTED from src\main\AndroidManifest.xml
	android:versionCode
		ADDED from src\main\AndroidManifest.xml:23:7-31
		INJECTED from src\main\AndroidManifest.xml
		INJECTED from src\main\AndroidManifest.xml
	xmlns:android
		ADDED from src\main\AndroidManifest.xml:20:11-69
	android:installLocation
		ADDED from src\main\AndroidManifest.xml:25:7-37
uses-permission#android.permission.INTERNET
ADDED from src\main\AndroidManifest.xml:28:5-67
	android:name
		ADDED from src\main\AndroidManifest.xml:28:22-64
uses-permission#android.permission.ACCESS_NETWORK_STATE
ADDED from src\main\AndroidManifest.xml:29:2-76
	android:name
		ADDED from src\main\AndroidManifest.xml:29:19-73
uses-permission#android.permission.RECEIVE_BOOT_COMPLETED
ADDED from src\main\AndroidManifest.xml:30:2-78
	android:name
		ADDED from src\main\AndroidManifest.xml:30:19-75
uses-permission#com.android.browser.permission.READ_HISTORY_BOOKMARKS
ADDED from src\main\AndroidManifest.xml:31:2-90
	android:name
		ADDED from src\main\AndroidManifest.xml:31:19-87
uses-permission#com.android.browser.permission.WRITE_HISTORY_BOOKMARKS
ADDED from src\main\AndroidManifest.xml:32:5-94
	android:name
		ADDED from src\main\AndroidManifest.xml:32:22-91
uses-sdk
ADDED from src\main\AndroidManifest.xml:34:5-73
	android:targetSdkVersion
		ADDED from src\main\AndroidManifest.xml:34:41-70
		INJECTED from src\main\AndroidManifest.xml
		INJECTED from src\main\AndroidManifest.xml
	android:minSdkVersion
		ADDED from src\main\AndroidManifest.xml:34:15-40
		INJECTED from src\main\AndroidManifest.xml
		INJECTED from src\main\AndroidManifest.xml
supports-screens
ADDED from src\main\AndroidManifest.xml:36:5-25
application
ADDED from src\main\AndroidManifest.xml:38:5-117:16
	android:label
		ADDED from src\main\AndroidManifest.xml:38:48-80
	android:hardwareAccelerated
		ADDED from src\main\AndroidManifest.xml:38:120-154
	android:icon
		ADDED from src\main\AndroidManifest.xml:38:18-47
	android:name
		ADDED from src\main\AndroidManifest.xml:38:81-119
activity#in.shick.diode.threads.ThreadsListActivity
ADDED from src\main\AndroidManifest.xml:39:9-54:20
	android:label
		ADDED from src\main\AndroidManifest.xml:40:19-51
	android:name
		ADDED from src\main\AndroidManifest.xml:39:19-62
intent-filter#android.intent.action.MAIN+android.intent.category.DEFAULT+android.intent.category.LAUNCHER
ADDED from src\main\AndroidManifest.xml:41:13-45:29
action#android.intent.action.MAIN
ADDED from src\main\AndroidManifest.xml:42:17-69
	android:name
		ADDED from src\main\AndroidManifest.xml:42:25-66
category#android.intent.category.DEFAULT
ADDED from src\main\AndroidManifest.xml:43:17-76
	android:name
		ADDED from src\main\AndroidManifest.xml:43:27-73
category#android.intent.category.LAUNCHER
ADDED from src\main\AndroidManifest.xml:44:17-77
	android:name
		ADDED from src\main\AndroidManifest.xml:44:27-74
intent-filter#android.intent.action.VIEW+android.intent.category.BROWSABLE+android.intent.category.DEFAULT
ADDED from src\main\AndroidManifest.xml:46:13-53:29
action#android.intent.action.VIEW
ADDED from src\main\AndroidManifest.xml:47:17-69
	android:name
		ADDED from src\main\AndroidManifest.xml:47:25-66
category#android.intent.category.BROWSABLE
ADDED from src\main\AndroidManifest.xml:49:17-78
	android:name
		ADDED from src\main\AndroidManifest.xml:49:27-75
data
ADDED from src\main\AndroidManifest.xml:50:17-106
	android:host
		ADDED from src\main\AndroidManifest.xml:50:45-74
	android:scheme
		ADDED from src\main\AndroidManifest.xml:50:23-44
	android:pathPattern
		ADDED from src\main\AndroidManifest.xml:50:75-103
activity#in.shick.diode.comments.CommentsListActivity
ADDED from src\main\AndroidManifest.xml:55:6-74:17
	android:name
		ADDED from src\main\AndroidManifest.xml:55:16-61
activity#in.shick.diode.reddits.PickSubredditActivity
ADDED from src\main\AndroidManifest.xml:75:6-73
	android:name
		ADDED from src\main\AndroidManifest.xml:75:16-61
activity#in.shick.diode.submit.SubmitLinkActivity
ADDED from src\main\AndroidManifest.xml:76:6-82:17
	android:name
		ADDED from src\main\AndroidManifest.xml:76:16-57
intent-filter#android.intent.action.SEND+android.intent.category.DEFAULT
ADDED from src\main\AndroidManifest.xml:77:10-81:29
action#android.intent.action.SEND
ADDED from src\main\AndroidManifest.xml:78:14-66
	android:name
		ADDED from src\main\AndroidManifest.xml:78:22-63
activity#in.shick.diode.mail.InboxActivity
ADDED from src\main\AndroidManifest.xml:83:6-62
	android:name
		ADDED from src\main\AndroidManifest.xml:83:16-50
activity#in.shick.diode.mail.InboxListActivity
ADDED from src\main\AndroidManifest.xml:84:6-66
	android:name
		ADDED from src\main\AndroidManifest.xml:84:16-54
activity#in.shick.diode.user.ProfileActivity
ADDED from src\main\AndroidManifest.xml:85:6-93:17
	android:name
		ADDED from src\main\AndroidManifest.xml:85:16-52
activity#in.shick.diode.settings.RedditPreferencesPage
ADDED from src\main\AndroidManifest.xml:94:6-74
	android:name
		ADDED from src\main\AndroidManifest.xml:94:16-62
activity#in.shick.diode.browser.BrowserActivity
ADDED from src\main\AndroidManifest.xml:95:6-98:17
	android:hardwareAccelerated
		ADDED from src\main\AndroidManifest.xml:97:16-50
	android:configChanges
		ADDED from src\main\AndroidManifest.xml:96:16-66
	android:name
		ADDED from src\main\AndroidManifest.xml:95:16-55
service#in.shick.diode.mail.EnvelopeService
ADDED from src\main\AndroidManifest.xml:99:6-117
	android:label
		ADDED from src\main\AndroidManifest.xml:99:52-106
	android:name
		ADDED from src\main\AndroidManifest.xml:99:15-51
activity#in.shick.diode.search.RedditSearchActivity
ADDED from src\main\AndroidManifest.xml:101:3-105:17
	android:name
		ADDED from src\main\AndroidManifest.xml:101:13-56
intent-filter#android.intent.action.SEARCH
ADDED from src\main\AndroidManifest.xml:102:10-104:26
action#android.intent.action.SEARCH
ADDED from src\main\AndroidManifest.xml:103:14-75
	android:name
		ADDED from src\main\AndroidManifest.xml:103:22-65
receiver#in.shick.diode.mail.BootAlarmSetter
ADDED from src\main\AndroidManifest.xml:107:6-111:20
	android:name
		ADDED from src\main\AndroidManifest.xml:107:16-52
intent-filter#android.intent.action.BOOT_COMPLETED
ADDED from src\main\AndroidManifest.xml:108:13-110:29
action#android.intent.action.BOOT_COMPLETED
ADDED from src\main\AndroidManifest.xml:109:17-79
	android:name
		ADDED from src\main\AndroidManifest.xml:109:25-76
meta-data#com.google.android.backup.api_key
ADDED from src\main\AndroidManifest.xml:113:6-135
	android:value
		ADDED from src\main\AndroidManifest.xml:113:66-132
	android:name
		ADDED from src\main\AndroidManifest.xml:113:17-65
activity#in.shick.diode.filters.FilterListActivity
ADDED from src\main\AndroidManifest.xml:114:6-70
	android:name
		ADDED from src\main\AndroidManifest.xml:114:16-58
activity#in.shick.diode.filters.FilterEditActivity
ADDED from src\main\AndroidManifest.xml:115:6-70
	android:name
		ADDED from src\main\AndroidManifest.xml:115:16-58
activity#in.shick.diode.comments.SavedCommentsActivity
ADDED from src\main\AndroidManifest.xml:116:6-105
	android:label
		ADDED from src\main\AndroidManifest.xml:116:16-46
	android:name
		ADDED from src\main\AndroidManifest.xml:116:47-93